Building DAG of jobs...
MissingInputException in line 5 of /Users/Kirk/Desktop/Comai_Lab/github-repositories/MM_manuscript/2_parent_snps/rules/merge_MM_vcfs.rules:
Missing input files for rule merge_MM_vcfs:
data/calls/scaffold_MM/chr06	44902193	45028761-calls.vcf
data/calls/scaffold_MM/chr04	67543013	67669267-calls.vcf
data/calls/scaffold_MM/chr09	27274098	27393704-calls.vcf
data/calls/scaffold_MM/chr07	42542503	42823766-calls.vcf
data/calls/scaffold_MM/chr08	31734864	32356263-calls.vcf
data/calls/scaffold_MM/chr10	35038203	38020453-calls.vcf
data/calls/scaffold_MM/chr11	26108802	27533514-calls.vcf
data/calls/scaffold_MM/chr02	24323103	24767530-calls.vcf
data/calls/scaffold_MM/chr07	7663043	8023871-calls.vcf
data/calls/scaffold_MM/chr03	5254213	5287582-calls.vcf
data/calls/scaffold_MM/chr06	12891379	12962248-calls.vcf
data/calls/scaffold_MM/chr11	10117652	11639658-calls.vcf
data/calls/scaffold_MM/chr07	17729665	18818018-calls.vcf
data/calls/scaffold_MM/chr06	11362274	12174240-calls.vcf
data/calls/scaffold_MM/chr07	44127272	44140057-calls.vcf
data/calls/scaffold_MM/chr03	49923235	50059196-calls.vcf
data/calls/scaffold_MM/chr10	22864311	26960847-calls.vcf
data/calls/scaffold_MM/chr01	9918626	10070888-calls.vcf
data/calls/scaffold_MM/chr12	51353961	51402441-calls.vcf
data/calls/scaffold_MM/chr11	12073018	12121059-calls.vcf
data/calls/scaffold_MM/chr06	43566350	43773433-calls.vcf
data/calls/scaffold_MM/chr01	29315517	29699991-calls.vcf
data/calls/scaffold_MM/chr10	41955081	43047663-calls.vcf
data/calls/scaffold_MM/chr01	26345119	29124781-calls.vcf
data/calls/scaffold_MM/chr01	87820348	88205125-calls.vcf
data/calls/scaffold_MM/chr10	5870000	6777240-calls.vcf
data/calls/scaffold_MM/chr08	948389	1488023-calls.vcf
data/calls/scaffold_MM/chr08	16105153	18524098-calls.vcf
data/calls/scaffold_MM/chr12	27114382	27420567-calls.vcf
data/calls/scaffold_MM/chr12	2602409	3297308-calls.vcf
data/calls/scaffold_MM/chr12	5589683	7071372-calls.vcf
data/calls/scaffold_MM/chr04	64342639	65460621-calls.vcf
data/calls/scaffold_MM/chr08	54532168	56877293-calls.vcf
data/calls/scaffold_MM/chr03	1682857	4265538-calls.vcf
data/calls/scaffold_MM/chr01	74023628	74095538-calls.vcf
data/calls/scaffold_MM/chr09	55732964	57018072-calls.vcf
data/calls/scaffold_MM/chr11	7795480	7829054-calls.vcf
data/calls/scaffold_MM/chr01	2336370	4109192-calls.vcf
data/calls/scaffold_MM/chr03	22769488	23238674-calls.vcf
data/calls/scaffold_MM/chr01	81368485	82872805-calls.vcf
data/calls/scaffold_MM/chr02	33448994	33465453-calls.vcf
data/calls/scaffold_MM/chr03	1371027	1476999-calls.vcf
data/calls/scaffold_MM/chr04	18398273	18955182-calls.vcf
data/calls/scaffold_MM/chr08	44078529	44432203-calls.vcf
data/calls/scaffold_MM/chr04	69000882	69246872-calls.vcf
data/calls/scaffold_MM/chr11	3488981	4108564-calls.vcf
data/calls/scaffold_MM/chr08	47466398	47669653-calls.vcf
data/calls/scaffold_MM/chr12	51452441	51622869-calls.vcf
data/calls/scaffold_MM/chr06	20765625	21894246-calls.vcf
data/calls/scaffold_MM/chr01	13245668	13684103-calls.vcf
data/calls/scaffold_MM/chr09	14514502	14706158-calls.vcf
data/calls/scaffold_MM/chr07	49325621	49471312-calls.vcf
data/calls/scaffold_MM/chr04	55135702	55267590-calls.vcf
data/calls/scaffold_MM/chr07	0	2402493-calls.vcf
data/calls/scaffold_MM/chr11	25813929	26058802-calls.vcf
data/calls/scaffold_MM/chr04	29430341	31652799-calls.vcf
data/calls/scaffold_MM/chr02	18600305	18620376-calls.vcf
data/calls/scaffold_MM/chr11	11689658	11879583-calls.vcf
data/calls/scaffold_MM/chr07	35567095	35626799-calls.vcf
data/calls/scaffold_MM/chr09	37422636	39010046-calls.vcf
data/calls/scaffold_MM/chr06	34376771	34487348-calls.vcf
data/calls/scaffold_MM/chr09	61025026	61414879-calls.vcf
data/calls/scaffold_MM/chr10	27010847	27070441-calls.vcf
data/calls/scaffold_MM/chr03	16632974	16651325-calls.vcf
data/calls/scaffold_MM/chr01	60647183	60997580-calls.vcf
data/calls/scaffold_MM/chr04	1015618	1051487-calls.vcf
data/calls/scaffold_MM/chr09	54828756	55398963-calls.vcf
data/calls/scaffold_MM/chr10	47231004	47927505-calls.vcf
data/calls/scaffold_MM/chr09	21367700	21806593-calls.vcf
data/calls/scaffold_MM/chr11	12390178	13038513-calls.vcf
data/calls/scaffold_MM/chr11	21687250	22642939-calls.vcf
data/calls/scaffold_MM/chr04	63228809	63592025-calls.vcf
data/calls/scaffold_MM/chr07	51700514	53500062-calls.vcf
data/calls/scaffold_MM/chr03	51709568	51759575-calls.vcf
data/calls/scaffold_MM/chr01	8400169	8674970-calls.vcf
data/calls/scaffold_MM/chr06	41615736	41688780-calls.vcf
data/calls/scaffold_MM/chr08	39433572	39489674-calls.vcf
data/calls/scaffold_MM/chr12	52114303	52160368-calls.vcf
data/calls/scaffold_MM/chr10	39099692	39362557-calls.vcf
data/calls/scaffold_MM/chr01	41777067	41991003-calls.vcf
data/calls/scaffold_MM/chr06	42962342	43017114-calls.vcf
data/calls/scaffold_MM/chr03	32413505	32439103-calls.vcf
data/calls/scaffold_MM/chr12	11544697	12976199-calls.vcf
data/calls/scaffold_MM/chr03	13373409	13618462-calls.vcf
data/calls/scaffold_MM/chr05	34782836	36239539-calls.vcf
data/calls/scaffold_MM/chr10	51529331	51792299-calls.vcf
data/calls/scaffold_MM/chr12	32783664	33036204-calls.vcf
data/calls/scaffold_MM/chr05	10773565	12877402-calls.vcf
data/calls/scaffold_MM/chr08	20075427	22144043-calls.vcf
data/calls/scaffold_MM/chr06	59529508	59532096-calls.vcf
data/calls/scaffold_MM/chr08	35611617	35664566-calls.vcf
data/calls/scaffold_MM/chr04	33651033	33692045-calls.vcf
data/calls/scaffold_MM/chr07	17369487	17497611-calls.vcf
data/calls/scaffold_MM/chr10	48972287	49295447-calls.vcf
data/calls/scaffold_MM/chr06	2493049	3760775-calls.vcf
data/calls/scaffold_MM/chr09	57068072	57074669-calls.vcf
data/calls/scaffold_MM/chr06	41836100	42129913-calls.vcf
data/calls/scaffold_MM/chr11	40320040	40878094-calls.vcf
data/calls/scaffold_MM/chr02	42310662	42793132-calls.vcf
data/calls/scaffold_MM/chr12	20780320	21103899-calls.vcf
data/calls/scaffold_MM/chr08	29454855	29584873-calls.vcf
data/calls/scaffold_MM/chr02	33515453	33579727-calls.vcf
data/calls/scaffold_MM/chr06	38675379	38823285-calls.vcf
data/calls/scaffold_MM/chr09	4262916	4467845-calls.vcf
data/calls/scaffold_MM/chr09	61464879	61540751-calls.vcf
data/calls/scaffold_MM/chr01	7124691	7190036-calls.vcf
data/calls/scaffold_MM/chr09	24769880	24987836-calls.vcf
data/calls/scaffold_MM/chr07	7298543	7613043-calls.vcf
data/calls/scaffold_MM/chr07	12282642	12306091-calls.vcf
data/calls/scaffold_MM/chr09	21856593	21996887-calls.vcf
data/calls/scaffold_MM/chr07	41439948	42415629-calls.vcf
data/calls/scaffold_MM/chr03	0	1105014-calls.vcf
data/calls/scaffold_MM/chr07	39996600	41389948-calls.vcf
data/calls/scaffold_MM/chr08	8924550	9339634-calls.vcf
data/calls/scaffold_MM/chr06	5104700	5794463-calls.vcf
data/calls/scaffold_MM/chr04	21904587	25202484-calls.vcf
data/calls/scaffold_MM/chr05	47646147	48797375-calls.vcf
data/calls/scaffold_MM/chr03	51809575	53084869-calls.vcf
data/calls/scaffold_MM/chr06	47993625	48998185-calls.vcf
data/calls/scaffold_MM/chr08	41865319	41875391-calls.vcf
data/calls/scaffold_MM/chr03	9777232	11621384-calls.vcf
data/calls/scaffold_MM/chr04	4462080	5289894-calls.vcf
data/calls/scaffold_MM/chr06	736379	1073314-calls.vcf
data/calls/scaffold_MM/chr12	53383687	54084344-calls.vcf
data/calls/scaffold_MM/chr01	47936805	48300056-calls.vcf
data/calls/scaffold_MM/chr07	25554957	26075387-calls.vcf
data/calls/scaffold_MM/chr09	22276197	22781740-calls.vcf
data/calls/scaffold_MM/chr04	51902964	52139779-calls.vcf
data/calls/scaffold_MM/chr09	28860517	30458047-calls.vcf
data/calls/scaffold_MM/chr03	6970828	8024278-calls.vcf
data/calls/scaffold_MM/chr04	930945	965618-calls.vcf
data/calls/scaffold_MM/chr03	30971503	31576905-calls.vcf
data/calls/scaffold_MM/chr08	28188953	29404855-calls.vcf
data/calls/scaffold_MM/chr02	19703257	20290364-calls.vcf
data/calls/scaffold_MM/chr06	56068128	56183270-calls.vcf
data/calls/scaffold_MM/chr03	39684976	39775361-calls.vcf
data/calls/scaffold_MM/chr05	5295357	5804050-calls.vcf
data/calls/scaffold_MM/chr10	2984886	3419063-calls.vcf
data/calls/scaffold_MM/chr03	41751485	41799194-calls.vcf
data/calls/scaffold_MM/chr01	85827553	86180018-calls.vcf
data/calls/scaffold_MM/chr06	45409492	46801719-calls.vcf
data/calls/scaffold_MM/chr04	35546748	35617670-calls.vcf
data/calls/scaffold_MM/chr07	46739199	46968443-calls.vcf
data/calls/scaffold_MM/chr02	6246052	7861298-calls.vcf
data/calls/scaffold_MM/chr06	3810775	4725712-calls.vcf
data/calls/scaffold_MM/chr03	34803678	34947767-calls.vcf
data/calls/scaffold_MM/chr04	10893486	11876771-calls.vcf
data/calls/scaffold_MM/chr05	46988133	47220677-calls.vcf
data/calls/scaffold_MM/chr01	70691857	73973628-calls.vcf
data/calls/scaffold_MM/chr02	27759005	28294094-calls.vcf
data/calls/scaffold_MM/chr03	34562581	34753678-calls.vcf
data/calls/scaffold_MM/chr03	13668462	13879450-calls.vcf
data/calls/scaffold_MM/chr07	32888731	33490027-calls.vcf
data/calls/scaffold_MM/chr01	9230986	9362198-calls.vcf
data/calls/scaffold_MM/chr11	12171059	12223992-calls.vcf
data/calls/scaffold_MM/chr10	19867191	20280613-calls.vcf
data/calls/scaffold_MM/chr06	37792177	38551678-calls.vcf
data/calls/scaffold_MM/chr03	36311664	37218535-calls.vcf
data/calls/scaffold_MM/chr10	58737684	59323495-calls.vcf
data/calls/scaffold_MM/chr10	49345447	49818971-calls.vcf
data/calls/scaffold_MM/chr05	50015294	52070158-calls.vcf
data/calls/scaffold_MM/chr02	29836394	30152566-calls.vcf
data/calls/scaffold_MM/chr12	5074194	5112815-calls.vcf
data/calls/scaffold_MM/chr10	9132282	11312781-calls.vcf
data/calls/scaffold_MM/chr09	6661273	6819954-calls.vcf
data/calls/scaffold_MM/chr05	15920256	16466710-calls.vcf
data/calls/scaffold_MM/chr01	51922195	52081850-calls.vcf
data/calls/scaffold_MM/chr10	22653699	22814311-calls.vcf
data/calls/scaffold_MM/chr10	46572188	46805316-calls.vcf
data/calls/scaffold_MM/chr08	18821457	20025427-calls.vcf
data/calls/scaffold_MM/chr06	31276814	31935133-calls.vcf
data/calls/scaffold_MM/chr01	52203668	52549211-calls.vcf
data/calls/scaffold_MM/chr03	16701325	17101490-calls.vcf
data/calls/scaffold_MM/chr04	55041051	55085702-calls.vcf
data/calls/scaffold_MM/chr01	68773528	70575365-calls.vcf
data/calls/scaffold_MM/chr07	28217153	28983072-calls.vcf
data/calls/scaffold_MM/chr11	1489383	1525577-calls.vcf
data/calls/scaffold_MM/chr01	29749991	31740969-calls.vcf
data/calls/scaffold_MM/chr08	41183660	41211695-calls.vcf
data/calls/scaffold_MM/chr04	28062965	28068520-calls.vcf
data/calls/scaffold_MM/chr08	47991531	48388021-calls.vcf
data/calls/scaffold_MM/chr08	4128016	4250510-calls.vcf
data/calls/scaffold_MM/chr03	47933847	48133621-calls.vcf
data/calls/scaffold_MM/chr07	20775631	22695468-calls.vcf
data/calls/scaffold_MM/chr11	40928094	44225525-calls.vcf
data/calls/scaffold_MM/chr12	47093663	47491142-calls.vcf
data/calls/scaffold_MM/chr02	42913701	44076197-calls.vcf
data/calls/scaffold_MM/chr09	5775845	5956751-calls.vcf
data/calls/scaffold_MM/chr05	26132376	31577110-calls.vcf
data/calls/scaffold_MM/chr08	6102452	6549245-calls.vcf
data/calls/scaffold_MM/chr04	55317590	56365711-calls.vcf
data/calls/scaffold_MM/chr05	5854050	6867482-calls.vcf
data/calls/scaffold_MM/chr04	6871412	7166664-calls.vcf
data/calls/scaffold_MM/chr03	32542103	32549902-calls.vcf
data/calls/scaffold_MM/chr10	43097663	44774569-calls.vcf
data/calls/scaffold_MM/chr07	54401564	54682941-calls.vcf
data/calls/scaffold_MM/chr07	51436300	51650514-calls.vcf
data/calls/scaffold_MM/chr11	20522041	21637250-calls.vcf
data/calls/scaffold_MM/chr10	22392563	22502623-calls.vcf
data/calls/scaffold_MM/chr06	5962945	6166639-calls.vcf
data/calls/scaffold_MM/chr09	47324435	49010262-calls.vcf
data/calls/scaffold_MM/chr11	1575577	1958650-calls.vcf
data/calls/scaffold_MM/chr12	8940433	9223807-calls.vcf
data/calls/scaffold_MM/chr09	8121846	8158570-calls.vcf
data/calls/scaffold_MM/chr03	12858358	13323409-calls.vcf
data/calls/scaffold_MM/chr06	4775712	5054700-calls.vcf
data/calls/scaffold_MM/chr10	8195751	8497929-calls.vcf
data/calls/scaffold_MM/chr04	6031577	6068947-calls.vcf
data/calls/scaffold_MM/chr03	39094573	39363145-calls.vcf
data/calls/scaffold_MM/chr07	8073871	8872286-calls.vcf
data/calls/scaffold_MM/chr04	16156283	16304687-calls.vcf
data/calls/scaffold_MM/chr03	33755527	34209419-calls.vcf
data/calls/scaffold_MM/chr05	8477414	9573388-calls.vcf
data/calls/scaffold_MM/chr05	36289539	37571050-calls.vcf
data/calls/scaffold_MM/chr08	22194043	24457093-calls.vcf
data/calls/scaffold_MM/chr04	27059570	28012965-calls.vcf
data/calls/scaffold_MM/chr02	19033267	19439210-calls.vcf
data/calls/scaffold_MM/chr04	19005182	19199161-calls.vcf
data/calls/scaffold_MM/chr08	34041225	35561617-calls.vcf
data/calls/scaffold_MM/chr11	44275525	44528585-calls.vcf
data/calls/scaffold_MM/chr01	46043888	46146597-calls.vcf
data/calls/scaffold_MM/chr11	31504069	32539305-calls.vcf
data/calls/scaffold_MM/chr05	12927402	13561162-calls.vcf
data/calls/scaffold_MM/chr08	4608767	6052452-calls.vcf
data/calls/scaffold_MM/chr02	1688948	3634910-calls.vcf
data/calls/scaffold_MM/chr01	76762681	76806154-calls.vcf
data/calls/scaffold_MM/chr07	39895855	39946600-calls.vcf
data/calls/scaffold_MM/chr12	7682223	7777423-calls.vcf
data/calls/scaffold_MM/chr11	44578585	44932848-calls.vcf
data/calls/scaffold_MM/chr04	67719267	68950882-calls.vcf
data/calls/scaffold_MM/chr06	50543652	50862114-calls.vcf
data/calls/scaffold_MM/chr08	38596894	39383572-calls.vcf
data/calls/scaffold_MM/chr09	31974742	32461412-calls.vcf
data/calls/scaffold_MM/chr04	36899514	37112645-calls.vcf
data/calls/scaffold_MM/chr11	7879054	9414061-calls.vcf
data/calls/scaffold_MM/chr04	10819640	10843486-calls.vcf
data/calls/scaffold_MM/chr01	54820024	55038326-calls.vcf
data/calls/scaffold_MM/chr06	10311010	11312274-calls.vcf
data/calls/scaffold_MM/chr12	0	860580-calls.vcf
data/calls/scaffold_MM/chr06	6372026	6624227-calls.vcf
data/calls/scaffold_MM/chr09	1002144	1087669-calls.vcf
data/calls/scaffold_MM/chr12	34333800	34423800-calls.vcf
data/calls/scaffold_MM/chr06	13531563	15561879-calls.vcf
data/calls/scaffold_MM/chr10	1487681	2001379-calls.vcf
data/calls/scaffold_MM/chr09	50558970	51485435-calls.vcf
data/calls/scaffold_MM/chr08	6899226	6974804-calls.vcf
data/calls/scaffold_MM/chr06	2365829	2443049-calls.vcf
data/calls/scaffold_MM/chr06	46851719	47943625-calls.vcf
data/calls/scaffold_MM/chr11	24609537	25082321-calls.vcf
data/calls/scaffold_MM/chr12	7268839	7632223-calls.vcf
data/calls/scaffold_MM/chr04	31702799	33194564-calls.vcf
data/calls/scaffold_MM/chr06	17657030	17797870-calls.vcf
data/calls/scaffold_MM/chr07	5533252	5604286-calls.vcf
data/calls/scaffold_MM/chr10	4228976	4918192-calls.vcf
data/calls/scaffold_MM/chr04	59303671	60140753-calls.vcf
data/calls/scaffold_MM/chr11	30082065	31454069-calls.vcf
data/calls/scaffold_MM/chr04	15644615	15646184-calls.vcf
data/calls/scaffold_MM/chr12	33497305	33735358-calls.vcf
data/calls/scaffold_MM/chr04	20991176	21609662-calls.vcf
data/calls/scaffold_MM/chr05	2376329	2399241-calls.vcf
data/calls/scaffold_MM/chr05	45787786	46196650-calls.vcf
data/calls/scaffold_MM/chr02	16647748	16785002-calls.vcf
data/calls/scaffold_MM/chr04	0	48001-calls.vcf
data/calls/scaffold_MM/chr04	38919712	39429634-calls.vcf
data/calls/scaffold_MM/chr08	15344740	15644272-calls.vcf
data/calls/scaffold_MM/chr03	11671384	12170409-calls.vcf
data/calls/scaffold_MM/chr08	45729448	46075953-calls.vcf
data/calls/scaffold_MM/chr11	4927326	5575041-calls.vcf
data/calls/scaffold_MM/chr01	48350056	48698886-calls.vcf
data/calls/scaffold_MM/chr03	39413145	39428483-calls.vcf
data/calls/scaffold_MM/chr11	37182046	37286002-calls.vcf
data/calls/scaffold_MM/chr04	33742045	34669474-calls.vcf
data/calls/scaffold_MM/chr01	43060397	43254138-calls.vcf
data/calls/scaffold_MM/chr04	17694335	18282042-calls.vcf
data/calls/scaffold_MM/chr06	13012248	13204776-calls.vcf
data/calls/scaffold_MM/chr07	29552836	29632974-calls.vcf
data/calls/scaffold_MM/chr09	31501736	31639190-calls.vcf
data/calls/scaffold_MM/chr09	57970329	57999542-calls.vcf
data/calls/scaffold_MM/chr01	66215852	66482538-calls.vcf
data/calls/scaffold_MM/chr05	4396846	4851846-calls.vcf
data/calls/scaffold_MM/chr03	32599902	32857393-calls.vcf
data/calls/scaffold_MM/chr09	30656657	31451736-calls.vcf
data/calls/scaffold_MM/chr09	25342003	25836389-calls.vcf
data/calls/scaffold_MM/chr09	27443704	28810517-calls.vcf
data/calls/scaffold_MM/chr06	56233270	57741620-calls.vcf
data/calls/scaffold_MM/chr06	36602261	37114761-calls.vcf
data/calls/scaffold_MM/chr03	40583749	40612949-calls.vcf
data/calls/scaffold_MM/chr08	18574098	18771457-calls.vcf
data/calls/scaffold_MM/chr12	13026199	13305518-calls.vcf
data/calls/scaffold_MM/chr01	86836044	87678549-calls.vcf
data/calls/scaffold_MM/chr08	37955538	37970388-calls.vcf
data/calls/scaffold_MM/chr09	13029735	13444682-calls.vcf
data/calls/scaffold_MM/chr06	7237189	7498082-calls.vcf
data/calls/scaffold_MM/chr05	46246650	46501543-calls.vcf
data/calls/scaffold_MM/chr12	20299837	20730320-calls.vcf
data/calls/scaffold_MM/chr04	65922961	66996361-calls.vcf
data/calls/scaffold_MM/chr12	7965356	8449308-calls.vcf
data/calls/scaffold_MM/chr03	33112469	33705527-calls.vcf
data/calls/scaffold_MM/chr01	76685682	76712681-calls.vcf
data/calls/scaffold_MM/chr03	39581615	39634976-calls.vcf
data/calls/scaffold_MM/chr05	5153387	5245357-calls.vcf
data/calls/scaffold_MM/chr12	47541142	47931304-calls.vcf
data/calls/scaffold_MM/chr02	16520050	16527773-calls.vcf
data/calls/scaffold_MM/chr06	35594515	36552261-calls.vcf
data/calls/scaffold_MM/chr12	47981304	48401917-calls.vcf
data/calls/scaffold_MM/chr09	32511412	33208592-calls.vcf
data/calls/scaffold_MM/chr06	42381006	42428609-calls.vcf
data/calls/scaffold_MM/chr04	39479634	39494002-calls.vcf
data/calls/scaffold_MM/chr01	12369257	12375077-calls.vcf
data/calls/scaffold_MM/chr05	49417750	49513584-calls.vcf
data/calls/scaffold_MM/chr08	46125953	46566127-calls.vcf
data/calls/scaffold_MM/chr11	37472591	37790243-calls.vcf
data/calls/scaffold_MM/chr10	46970611	47181004-calls.vcf
data/calls/scaffold_MM/chr07	26125387	26309187-calls.vcf
data/calls/scaffold_MM/chr05	48992202	49367750-calls.vcf
data/calls/scaffold_MM/chr09	33258592	33839954-calls.vcf
data/calls/scaffold_MM/chr07	4703590	4916415-calls.vcf
data/calls/scaffold_MM/chr02	28344094	29786394-calls.vcf
data/calls/scaffold_MM/chr04	53980645	54500971-calls.vcf
data/calls/scaffold_MM/chr02	18747861	18983267-calls.vcf
data/calls/scaffold_MM/chr02	35835935	37145426-calls.vcf
data/calls/scaffold_MM/chr04	41227127	45380210-calls.vcf
data/calls/scaffold_MM/chr03	4548795	4587171-calls.vcf
data/calls/scaffold_MM/chr08	41261695	41319048-calls.vcf
data/calls/scaffold_MM/chr07	44768967	45696273-calls.vcf
data/calls/scaffold_MM/chr01	43872320	45037100-calls.vcf
data/calls/scaffold_MM/chr09	60744602	60975026-calls.vcf
data/calls/scaffold_MM/chr09	22046887	22226197-calls.vcf
data/calls/scaffold_MM/chr04	54550971	54739282-calls.vcf
data/calls/scaffold_MM/chr04	25713763	26025712-calls.vcf
data/calls/scaffold_MM/chr04	40291897	40493445-calls.vcf
data/calls/scaffold_MM/chr02	20638335	22524827-calls.vcf
data/calls/scaffold_MM/chr04	25252484	25555222-calls.vcf
data/calls/scaffold_MM/chr11	28591725	29139870-calls.vcf
data/calls/scaffold_MM/chr09	52722856	53497702-calls.vcf
data/calls/scaffold_MM/chr01	59568662	60597183-calls.vcf
data/calls/scaffold_MM/chr01	8724970	9180986-calls.vcf
data/calls/scaffold_MM/chr11	15256545	17631369-calls.vcf
data/calls/scaffold_MM/chr06	40493916	41565736-calls.vcf
data/calls/scaffold_MM/chr08	29634873	29997569-calls.vcf
data/calls/scaffold_MM/chr07	53550062	54351564-calls.vcf
data/calls/scaffold_MM/chr04	11990308	12012352-calls.vcf
data/calls/scaffold_MM/chr10	20330613	20390615-calls.vcf
data/calls/scaffold_MM/chr03	59719905	62290286-calls.vcf
data/calls/scaffold_MM/chr08	9389634	9420678-calls.vcf
data/calls/scaffold_MM/chr12	31619491	32733664-calls.vcf
data/calls/scaffold_MM/chr03	14830835	16300378-calls.vcf
data/calls/scaffold_MM/chr04	6118947	6759756-calls.vcf
data/calls/scaffold_MM/chr03	1155014	1321027-calls.vcf
data/calls/scaffold_MM/chr06	32665842	33409466-calls.vcf
data/calls/scaffold_MM/chr10	3469063	3720408-calls.vcf
data/calls/scaffold_MM/chr06	29354071	29485984-calls.vcf
data/calls/scaffold_MM/chr09	55627938	55682964-calls.vcf
data/calls/scaffold_MM/chr12	52210368	52890016-calls.vcf
data/calls/scaffold_MM/chr01	49717273	51006297-calls.vcf
data/calls/scaffold_MM/chr06	0	686379-calls.vcf
data/calls/scaffold_MM/chr09	45904671	47041152-calls.vcf
data/calls/scaffold_MM/chr12	8499308	8634460-calls.vcf
data/calls/scaffold_MM/chr09	22902643	24719879-calls.vcf
data/calls/scaffold_MM/chr01	9412198	9530420-calls.vcf
data/calls/scaffold_MM/chr04	16354687	16908887-calls.vcf
data/calls/scaffold_MM/chr12	41362057	41759932-calls.vcf
data/calls/scaffold_MM/chr10	15408729	15524717-calls.vcf
data/calls/scaffold_MM/chr09	11885038	12669743-calls.vcf
data/calls/scaffold_MM/chr04	40931002	41177127-calls.vcf
data/calls/scaffold_MM/chr06	13254776	13481563-calls.vcf
data/calls/scaffold_MM/chr01	83366037	85414865-calls.vcf
data/calls/scaffold_MM/chr01	47817587	47834453-calls.vcf
data/calls/scaffold_MM/chr04	60308875	60801363-calls.vcf
data/calls/scaffold_MM/chr03	34997767	36091664-calls.vcf
data/calls/scaffold_MM/chr06	38601678	38625379-calls.vcf
data/calls/scaffold_MM/chr09	6006751	6611273-calls.vcf
data/calls/scaffold_MM/chr10	51993659	52482939-calls.vcf
data/calls/scaffold_MM/chr02	22574827	22981600-calls.vcf
data/calls/scaffold_MM/chr12	54134344	54557488-calls.vcf
data/calls/scaffold_MM/chr01	53877073	54054578-calls.vcf
data/calls/scaffold_MM/chr06	54151849	54826687-calls.vcf
data/calls/scaffold_MM/chr04	7216664	9098437-calls.vcf
data/calls/scaffold_MM/chr06	1389493	1675056-calls.vcf
data/calls/scaffold_MM/chr04	69497390	72208621-calls.vcf
data/calls/scaffold_MM/chr10	2866552	2934886-calls.vcf
data/calls/scaffold_MM/chr12	44020046	44363843-calls.vcf
data/calls/scaffold_MM/chr03	5052492	5204213-calls.vcf
data/calls/scaffold_MM/chr08	35714566	36396290-calls.vcf
data/calls/scaffold_MM/chr02	44126197	48614681-calls.vcf
data/calls/scaffold_MM/chr03	9708275	9727232-calls.vcf
data/calls/scaffold_MM/chr05	34375536	34732836-calls.vcf
data/calls/scaffold_MM/chr09	47091152	47274435-calls.vcf
data/calls/scaffold_MM/chr01	46454744	47767587-calls.vcf
data/calls/scaffold_MM/chr01	54104578	54770024-calls.vcf
data/calls/scaffold_MM/chr03	50109196	51659568-calls.vcf
data/calls/scaffold_MM/chr10	0	1437681-calls.vcf
data/calls/scaffold_MM/chr10	3770408	3852420-calls.vcf
data/calls/scaffold_MM/chr11	0	1439383-calls.vcf
data/calls/scaffold_MM/chr07	35676799	36648520-calls.vcf
data/calls/scaffold_MM/chr10	46008008	46322053-calls.vcf
data/calls/scaffold_MM/chr10	30838198	31274167-calls.vcf
data/calls/scaffold_MM/chr12	41809932	43970046-calls.vcf
data/calls/scaffold_MM/chr10	57141707	58687684-calls.vcf
data/calls/scaffold_MM/chr07	42972685	43882685-calls.vcf
data/calls/scaffold_MM/chr09	11783969	11835038-calls.vcf
data/calls/scaffold_MM/chr06	21944246	24279712-calls.vcf
data/calls/scaffold_MM/chr04	19249161	20866561-calls.vcf
data/calls/scaffold_MM/chr12	33785358	34168853-calls.vcf
data/calls/scaffold_MM/chr04	37162645	38869712-calls.vcf
data/calls/scaffold_MM/chr02	9195935	9376028-calls.vcf
data/calls/scaffold_MM/chr03	56165332	56216710-calls.vcf
data/calls/scaffold_MM/chr03	5337582	5803850-calls.vcf
data/calls/scaffold_MM/chr04	67046361	67493013-calls.vcf
data/calls/scaffold_MM/chr06	19104563	20715625-calls.vcf
data/calls/scaffold_MM/chr12	13355518	15951598-calls.vcf
data/calls/scaffold_MM/chr04	9148437	10769640-calls.vcf
data/calls/scaffold_MM/chr05	47270677	47596147-calls.vcf
data/calls/scaffold_MM/chr02	7911298	9145935-calls.vcf
data/calls/scaffold_MM/chr07	6243488	6877449-calls.vcf
data/calls/scaffold_MM/chr02	42843132	42863701-calls.vcf
data/calls/scaffold_MM/chr06	1123314	1339493-calls.vcf
data/calls/scaffold_MM/chr03	40184730	40533749-calls.vcf
data/calls/scaffold_MM/chr05	46551543	46938133-calls.vcf
data/calls/scaffold_MM/chr08	33810265	33991225-calls.vcf
data/calls/scaffold_MM/chr03	49124803	49873235-calls.vcf
data/calls/scaffold_MM/chr02	14273247	15315578-calls.vcf
data/calls/scaffold_MM/chr09	7957849	8071846-calls.vcf
data/calls/scaffold_MM/chr12	16001598	19426759-calls.vcf
data/calls/scaffold_MM/chr07	17547611	17679665-calls.vcf
data/calls/scaffold_MM/chr11	5832554	6151697-calls.vcf
data/calls/scaffold_MM/chr01	5032077	5561068-calls.vcf
data/calls/scaffold_MM/chr09	6869954	7668541-calls.vcf
data/calls/scaffold_MM/chr04	50527796	51756120-calls.vcf
data/calls/scaffold_MM/chr05	43554843	43594843-calls.vcf
data/calls/scaffold_MM/chr09	11035042	11733969-calls.vcf
data/calls/scaffold_MM/chr08	44482203	45679448-calls.vcf
data/calls/scaffold_MM/chr05	31627110	34325536-calls.vcf
data/calls/scaffold_MM/chr01	43304138	43650744-calls.vcf
data/calls/scaffold_MM/chr09	31689190	31924742-calls.vcf
data/calls/scaffold_MM/chr08	53000942	53041846-calls.vcf
data/calls/scaffold_MM/chr09	4517845	5725845-calls.vcf
data/calls/scaffold_MM/chr02	35502871	35785935-calls.vcf
data/calls/scaffold_MM/chr04	26764772	26872647-calls.vcf
data/calls/scaffold_MM/chr02	0	1638948-calls.vcf
data/calls/scaffold_MM/chr02	27264777	27620853-calls.vcf
data/calls/scaffold_MM/chr05	0	1744153-calls.vcf
data/calls/scaffold_MM/chr10	3902420	4178976-calls.vcf
data/calls/scaffold_MM/chr08	38020388	38399481-calls.vcf
data/calls/scaffold_MM/chr02	11834000	12681448-calls.vcf
data/calls/scaffold_MM/chr01	778944	870761-calls.vcf
data/calls/scaffold_MM/chr02	5894968	6196052-calls.vcf
data/calls/scaffold_MM/chr02	24132315	24273103-calls.vcf
data/calls/scaffold_MM/chr01	18354027	19200962-calls.vcf
data/calls/scaffold_MM/chr04	1101487	1284746-calls.vcf
data/calls/scaffold_MM/chr05	2449241	2504213-calls.vcf
data/calls/scaffold_MM/chr05	8091018	8427414-calls.vcf
data/calls/scaffold_MM/chr06	17847870	18399979-calls.vcf
data/calls/scaffold_MM/chr01	26058535	26295119-calls.vcf
data/calls/scaffold_MM/chr10	8634491	9082282-calls.vcf
data/calls/scaffold_MM/chr04	40543445	40881002-calls.vcf
data/calls/scaffold_MM/chr07	11876959	11985231-calls.vcf
data/calls/scaffold_MM/chr01	29174781	29265517-calls.vcf
data/calls/scaffold_MM/chr08	27568345	28138953-calls.vcf
data/calls/scaffold_MM/chr04	60941899	61794886-calls.vcf
data/calls/scaffold_MM/chr07	22745468	24239057-calls.vcf
data/calls/scaffold_MM/chr12	26138014	27064382-calls.vcf
data/calls/scaffold_MM/chr05	18589476	23184924-calls.vcf
data/calls/scaffold_MM/chr09	57124669	57920329-calls.vcf
data/calls/scaffold_MM/chr12	51672869	51745134-calls.vcf
data/calls/scaffold_MM/chr08	24507093	26453881-calls.vcf
data/calls/scaffold_MM/chr12	27470567	28376233-calls.vcf
data/calls/scaffold_MM/chr11	17681369	17713409-calls.vcf
data/calls/scaffold_MM/chr02	15365578	15416659-calls.vcf
data/calls/scaffold_MM/chr12	20015400	20249837-calls.vcf
data/calls/scaffold_MM/chr01	85464865	85777553-calls.vcf
data/calls/scaffold_MM/chr10	38070453	38203501-calls.vcf
data/calls/scaffold_MM/chr08	49952157	50849559-calls.vcf
data/calls/scaffold_MM/chr01	21497480	21515623-calls.vcf
data/calls/scaffold_MM/chr11	9871976	10067652-calls.vcf
data/calls/scaffold_MM/chr01	46196597	46404744-calls.vcf
data/calls/scaffold_MM/chr03	20323336	20975614-calls.vcf
data/calls/scaffold_MM/chr09	10147960	10985042-calls.vcf
data/calls/scaffold_MM/chr11	37336002	37422591-calls.vcf
data/calls/scaffold_MM/chr03	14070980	14780835-calls.vcf
data/calls/scaffold_MM/chr04	28118520	29380341-calls.vcf
data/calls/scaffold_MM/chr08	9870853	9977217-calls.vcf
data/calls/scaffold_MM/chr10	4968192	5541853-calls.vcf
data/calls/scaffold_MM/chr11	36793405	37132046-calls.vcf
data/calls/scaffold_MM/chr10	21662526	22118898-calls.vcf
data/calls/scaffold_MM/chr07	25090447	25504957-calls.vcf
data/calls/scaffold_MM/chr01	12425077	12468522-calls.vcf
data/calls/scaffold_MM/chr12	3347308	4767012-calls.vcf
data/calls/scaffold_MM/chr01	983314	2286370-calls.vcf
data/calls/scaffold_MM/chr06	50199821	50493652-calls.vcf
data/calls/scaffold_MM/chr03	44470953	44695867-calls.vcf
data/calls/scaffold_MM/chr02	25166552	25199401-calls.vcf
data/calls/scaffold_MM/chr01	9580420	9868626-calls.vcf
data/calls/scaffold_MM/chr02	37772378	38252939-calls.vcf
data/calls/scaffold_MM/chr08	50899559	51739867-calls.vcf
data/calls/scaffold_MM/chr05	24943417	26082376-calls.vcf
data/calls/scaffold_MM/chr04	581608	880945-calls.vcf
data/calls/scaffold_MM/chr04	2358110	2402971-calls.vcf
data/calls/scaffold_MM/chr06	43067114	43516350-calls.vcf
data/calls/scaffold_MM/chr04	26181966	26211131-calls.vcf
data/calls/scaffold_MM/chr01	4803854	4848359-calls.vcf
data/calls/scaffold_MM/chr08	36446290	37620232-calls.vcf
data/calls/scaffold_MM/chr03	53496880	55676284-calls.vcf
data/calls/scaffold_MM/chr06	24329712	24869659-calls.vcf
data/calls/scaffold_MM/chr07	5105225	5483252-calls.vcf
data/calls/scaffold_MM/chr09	8569406	9063533-calls.vcf
data/calls/scaffold_MM/chr05	9623388	9743714-calls.vcf
data/calls/scaffold_MM/chr07	33540027	35517095-calls.vcf
data/calls/scaffold_MM/chr12	7121372	7218839-calls.vcf
data/calls/scaffold_MM/chr09	58841211	59041526-calls.vcf
data/calls/scaffold_MM/chr06	31985133	32261502-calls.vcf
data/calls/scaffold_MM/chr09	13494682	14464502-calls.vcf
data/calls/scaffold_MM/chr03	24746448	25550401-calls.vcf
data/calls/scaffold_MM/chr03	12739338	12808358-calls.vcf
data/calls/scaffold_MM/chr04	57233356	57529171-calls.vcf
data/calls/scaffold_MM/chr08	43234283	43489864-calls.vcf
data/calls/scaffold_MM/chr05	42795301	43504843-calls.vcf
data/calls/scaffold_MM/chr12	58723693	58877870-calls.vcf
data/calls/scaffold_MM/chr01	55869038	56824309-calls.vcf
data/calls/scaffold_MM/chr02	9426028	10399844-calls.vcf
data/calls/scaffold_MM/chr04	5701972	5752742-calls.vcf
data/calls/scaffold_MM/chr04	48761138	50365012-calls.vcf
data/calls/scaffold_MM/chr12	58927870	60583522-calls.vcf
data/calls/scaffold_MM/chr06	37707720	37742177-calls.vcf
data/calls/scaffold_MM/chr02	16835002	16895363-calls.vcf
data/calls/scaffold_MM/chr02	25249401	25743740-calls.vcf
data/calls/scaffold_MM/chr10	53016460	57091707-calls.vcf
data/calls/scaffold_MM/chr06	12224240	12501620-calls.vcf
data/calls/scaffold_MM/chr01	74145538	75960476-calls.vcf
data/calls/scaffold_MM/chr04	1494609	2229203-calls.vcf
data/calls/scaffold_MM/chr01	79589123	81318485-calls.vcf
data/calls/scaffold_MM/chr03	44010953	44420953-calls.vcf
data/calls/scaffold_MM/chr12	48451917	50432590-calls.vcf
data/calls/scaffold_MM/chr01	14975339	18304027-calls.vcf
data/calls/scaffold_MM/chr10	39875127	40699736-calls.vcf
data/calls/scaffold_MM/chr01	20618883	21447480-calls.vcf
data/calls/scaffold_MM/chr04	34719474	35496748-calls.vcf
data/calls/scaffold_MM/chr01	7597875	7707973-calls.vcf
data/calls/scaffold_MM/chr02	31988959	32553200-calls.vcf
data/calls/scaffold_MM/chr04	52189779	52624106-calls.vcf
data/calls/scaffold_MM/chr03	53134869	53328951-calls.vcf
data/calls/scaffold_MM/chr02	18670376	18697861-calls.vcf
data/calls/scaffold_MM/chr08	53619301	54482168-calls.vcf
data/calls/scaffold_MM/chr04	15696184	15980872-calls.vcf
data/calls/scaffold_MM/chr07	42465629	42492503-calls.vcf
data/calls/scaffold_MM/chr06	54876687	55590052-calls.vcf
data/calls/scaffold_MM/chr03	37557547	37949126-calls.vcf
data/calls/scaffold_MM/chr09	59828890	60694602-calls.vcf
data/calls/scaffold_MM/chr08	26503881	27518345-calls.vcf
data/calls/scaffold_MM/chr07	44190057	44718967-calls.vcf
data/calls/scaffold_MM/chr01	45087100	45993888-calls.vcf
data/calls/scaffold_MM/chr06	49048185	50149821-calls.vcf
data/calls/scaffold_MM/chr10	20440615	21612526-calls.vcf
data/calls/scaffold_MM/chr04	35667670	36849514-calls.vcf
data/calls/scaffold_MM/chr08	41697319	41815319-calls.vcf
data/calls/scaffold_MM/chr08	41979706	41995827-calls.vcf
data/calls/scaffold_MM/chr04	18332042	18348273-calls.vcf
data/calls/scaffold_MM/chr08	2997929	3020797-calls.vcf
data/calls/scaffold_MM/chr04	2452971	3655182-calls.vcf
data/calls/scaffold_MM/chr04	1334746	1365173-calls.vcf
data/calls/scaffold_MM/chr08	1538023	1668441-calls.vcf
data/calls/scaffold_MM/chr11	25132321	25763929-calls.vcf
data/calls/scaffold_MM/chr08	40300998	40997945-calls.vcf
data/calls/scaffold_MM/chr11	22692939	23876600-calls.vcf
data/calls/scaffold_MM/chr09	15514411	17471152-calls.vcf
data/calls/scaffold_MM/chr03	31626905	32363505-calls.vcf
data/calls/scaffold_MM/chr03	38953711	39044573-calls.vcf
data/calls/scaffold_MM/chr09	33889954	35041073-calls.vcf
data/calls/scaffold_MM/chr08	13036094	14210146-calls.vcf
data/calls/scaffold_MM/chr12	39943149	41312057-calls.vcf
data/calls/scaffold_MM/chr10	22552623	22603699-calls.vcf
data/calls/scaffold_MM/chr01	20358265	20568883-calls.vcf
data/calls/scaffold_MM/chr03	32489103	32492103-calls.vcf
data/calls/scaffold_MM/chr03	6455058	6586586-calls.vcf
data/calls/scaffold_MM/chr08	31052114	31248142-calls.vcf
data/calls/scaffold_MM/chr10	14960102	15358729-calls.vcf
data/calls/scaffold_MM/chr04	57579171	58686805-calls.vcf
data/calls/scaffold_MM/chr11	14755054	14907914-calls.vcf
data/calls/scaffold_MM/chr04	26075712	26131966-calls.vcf
data/calls/scaffold_MM/chr08	56927293	56938457-calls.vcf
data/calls/scaffold_MM/chr04	33244564	33268552-calls.vcf
data/calls/scaffold_MM/chr01	61763996	63504737-calls.vcf
data/calls/scaffold_MM/chr04	16030872	16031720-calls.vcf
data/calls/scaffold_MM/chr12	50482590	51303961-calls.vcf
data/calls/scaffold_MM/chr03	6220643	6405058-calls.vcf
data/calls/scaffold_MM/chr03	4855926	5002492-calls.vcf
data/calls/scaffold_MM/chr04	12532246	14507062-calls.vcf
data/calls/scaffold_MM/chr08	6712318	6849226-calls.vcf
data/calls/scaffold_MM/chr12	5162815	5539683-calls.vcf
data/calls/scaffold_MM/chr05	49563584	49623395-calls.vcf
data/calls/scaffold_MM/chr03	30024478	30186331-calls.vcf
data/calls/scaffold_MM/chr03	1526999	1632857-calls.vcf
data/calls/scaffold_MM/chr12	44413843	44946993-calls.vcf
data/calls/scaffold_MM/chr07	46233442	46689199-calls.vcf
data/calls/scaffold_MM/chr10	22270921	22342563-calls.vcf
data/calls/scaffold_MM/chr08	41369048	41647319-calls.vcf
data/calls/scaffold_MM/chr11	35036426	36130549-calls.vcf
data/calls/scaffold_MM/chr04	5588303	5651972-calls.vcf
data/calls/scaffold_MM/chr03	16350378	16582974-calls.vcf
data/calls/scaffold_MM/chr08	43539864	43610134-calls.vcf
data/calls/scaffold_MM/chr08	39539674	39715185-calls.vcf
data/calls/scaffold_MM/chr01	41704161	41727067-calls.vcf
data/calls/scaffold_MM/chr07	8922286	9222537-calls.vcf
data/calls/scaffold_MM/chr10	52745921	52805782-calls.vcf
data/calls/scaffold_MM/chr12	55656409	55964237-calls.vcf
data/calls/scaffold_MM/chr01	13071212	13195668-calls.vcf
data/calls/scaffold_MM/chr01	0	170277-calls.vcf
data/calls/scaffold_MM/chr02	26858741	27214777-calls.vcf
data/calls/scaffold_MM/chr01	76010476	76635682-calls.vcf
data/calls/scaffold_MM/chr06	58042914	59479508-calls.vcf
data/calls/scaffold_MM/chr01	920761	933314-calls.vcf
data/calls/scaffold_MM/chr03	24406005	24696448-calls.vcf
data/calls/scaffold_MM/chr03	53378951	53446880-calls.vcf
data/calls/scaffold_MM/chr10	14906768	14910102-calls.vcf
data/calls/scaffold_MM/chr05	2554213	2619261-calls.vcf
data/calls/scaffold_MM/chr12	39778531	39893149-calls.vcf
data/calls/scaffold_MM/chr03	46073367	47883847-calls.vcf
data/calls/scaffold_MM/chr08	9788981	9820853-calls.vcf
data/calls/scaffold_MM/chr06	52223393	54101849-calls.vcf
data/calls/scaffold_MM/chr02	13757767	14223247-calls.vcf
data/calls/scaffold_MM/chr12	54915591	55606409-calls.vcf
data/calls/scaffold_MM/chr11	37840243	38454884-calls.vcf
data/calls/scaffold_MM/chr07	12356091	13020389-calls.vcf
data/calls/scaffold_MM/chr03	25600401	27293634-calls.vcf
data/calls/scaffold_MM/chr11	24532302	24559537-calls.vcf
data/calls/scaffold_MM/chr06	44007768	44179116-calls.vcf
data/calls/scaffold_MM/chr06	34537348	35544515-calls.vcf
data/calls/scaffold_MM/chr08	46616127	47416398-calls.vcf
data/calls/scaffold_MM/chr01	7757973	8350169-calls.vcf
data/calls/scaffold_MM/chr02	24817530	25116552-calls.vcf
data/calls/scaffold_MM/chr09	22831740	22852643-calls.vcf
data/calls/scaffold_MM/chr09	42724456	43108224-calls.vcf
data/calls/scaffold_MM/chr01	63940077	63960348-calls.vcf
data/calls/scaffold_MM/chr02	20340364	20588335-calls.vcf
data/calls/scaffold_MM/chr03	17151490	17264952-calls.vcf
data/calls/scaffold_MM/chr03	8074278	8687837-calls.vcf
data/calls/scaffold_MM/chr03	4315538	4498795-calls.vcf
data/calls/scaffold_MM/chr03	56732237	59669905-calls.vcf
data/calls/scaffold_MM/chr08	42108221	43184283-calls.vcf
data/calls/scaffold_MM/chr12	54607488	54865591-calls.vcf
data/calls/scaffold_MM/chr09	9549713	10097960-calls.vcf
data/calls/scaffold_MM/chr10	44824569	45191128-calls.vcf
data/calls/scaffold_MM/chr03	12220409	12689338-calls.vcf
data/calls/scaffold_MM/chr11	28010514	28397826-calls.vcf
data/calls/scaffold_MM/chr04	16958887	17644335-calls.vcf
data/calls/scaffold_MM/chr12	28426233	29746928-calls.vcf
data/calls/scaffold_MM/chr08	32406263	33760265-calls.vcf
data/calls/scaffold_MM/chr07	39752324	39773881-calls.vcf
data/calls/scaffold_MM/chr04	45430210	48711138-calls.vcf
data/calls/scaffold_MM/chr08	42045827	42058221-calls.vcf
data/calls/scaffold_MM/chr03	19781723	20273336-calls.vcf
data/calls/scaffold_MM/chr01	13734103	14925339-calls.vcf
data/calls/scaffold_MM/chr03	39938170	40134730-calls.vcf
data/calls/scaffold_MM/chr08	48438021	49902157-calls.vcf
data/calls/scaffold_MM/chr08	11128366	12986094-calls.vcf
data/calls/scaffold_MM/chr12	39658763	39728531-calls.vcf
data/calls/scaffold_MM/chr12	29796928	30865491-calls.vcf
data/calls/scaffold_MM/chr02	32603200	32717212-calls.vcf
data/calls/scaffold_MM/chr04	14557062	14581146-calls.vcf
data/calls/scaffold_MM/chr06	32311502	32615842-calls.vcf
data/calls/scaffold_MM/chr03	37268535	37507547-calls.vcf
data/calls/scaffold_MM/chr09	35091073	37372636-calls.vcf
data/calls/scaffold_MM/chr12	51795134	52064303-calls.vcf
data/calls/scaffold_MM/chr11	5625041	5782554-calls.vcf
data/calls/scaffold_MM/chr02	38302939	40701053-calls.vcf
data/calls/scaffold_MM/chr05	49673395	49965294-calls.vcf
data/calls/scaffold_MM/chr09	49060262	50288199-calls.vcf
data/calls/scaffold_MM/chr01	56874309	59518662-calls.vcf
data/calls/scaffold_MM/chr06	37164761	37657720-calls.vcf
data/calls/scaffold_MM/chr03	27422172	29974478-calls.vcf
data/calls/scaffold_MM/chr05	48847375	48942202-calls.vcf
data/calls/scaffold_MM/chr03	4637171	4805926-calls.vcf
data/calls/scaffold_MM/chr12	60986150	61165649-calls.vcf
data/calls/scaffold_MM/chr03	48183621	48616981-calls.vcf
data/calls/scaffold_MM/chr07	29682974	32189633-calls.vcf
data/calls/scaffold_MM/chr01	82922805	83062664-calls.vcf
data/calls/scaffold_MM/chr04	2279203	2308110-calls.vcf
data/calls/scaffold_MM/chr12	24758950	25976534-calls.vcf
data/calls/scaffold_MM/chr11	32589305	33151605-calls.vcf
data/calls/scaffold_MM/chr04	6809756	6821412-calls.vcf
data/calls/scaffold_MM/chr06	50912114	52173393-calls.vcf
data/calls/scaffold_MM/chr01	220277	657126-calls.vcf
data/calls/scaffold_MM/chr09	882144	952144-calls.vcf
data/calls/scaffold_MM/chr04	63754324	64292639-calls.vcf
data/calls/scaffold_MM/chr05	43644843	45737786-calls.vcf
data/calls/scaffold_MM/chr04	60190753	60258875-calls.vcf
data/calls/scaffold_MM/chr01	78651189	79539123-calls.vcf
data/calls/scaffold_MM/chr02	16945363	18550305-calls.vcf
data/calls/scaffold_MM/chr06	12551620	12841379-calls.vcf
data/calls/scaffold_MM/chr03	24354913	24356005-calls.vcf
data/calls/scaffold_MM/chr02	3684910	5844968-calls.vcf
data/calls/scaffold_MM/chr12	34218853	34283800-calls.vcf
data/calls/scaffold_MM/chr01	86230018	86677980-calls.vcf
data/calls/scaffold_MM/chr04	25605222	25663763-calls.vcf
data/calls/scaffold_MM/chr10	6827240	8145751-calls.vcf
data/calls/scaffold_MM/chr02	11150136	11784000-calls.vcf
data/calls/scaffold_MM/chr09	58049542	58791211-calls.vcf
data/calls/scaffold_MM/chr07	4966415	5055225-calls.vcf
data/calls/scaffold_MM/chr06	41738780	41786100-calls.vcf
data/calls/scaffold_MM/chr02	24053661	24082315-calls.vcf
data/calls/scaffold_MM/chr02	40751053	41201516-calls.vcf
data/calls/scaffold_MM/chr08	31602815	31684864-calls.vcf
data/calls/scaffold_MM/chr08	39838737	40250998-calls.vcf
data/calls/scaffold_MM/chr11	9464061	9821976-calls.vcf
data/calls/scaffold_MM/chr09	30508047	30606657-calls.vcf
data/calls/scaffold_MM/chr06	29535984	30953425-calls.vcf
data/calls/scaffold_MM/chr04	26261131	26714772-calls.vcf
data/calls/scaffold_MM/chr07	45746273	46183442-calls.vcf
data/calls/scaffold_MM/chr10	51842299	51943659-calls.vcf
data/calls/scaffold_MM/chr12	34541120	34865391-calls.vcf
data/calls/scaffold_MM/chr01	10120888	10434698-calls.vcf
data/calls/scaffold_MM/chr07	7046274	7248543-calls.vcf
data/calls/scaffold_MM/chr06	24919659	29304071-calls.vcf
data/calls/scaffold_MM/chr08	2791149	2815943-calls.vcf
data/calls/scaffold_MM/chr10	45241128	45958008-calls.vcf
data/calls/scaffold_MM/chr01	31790969	38891446-calls.vcf
data/calls/scaffold_MM/chr10	13535075	14856768-calls.vcf
data/calls/scaffold_MM/chr01	52599211	52677622-calls.vcf
data/calls/scaffold_MM/chr10	49868971	51479331-calls.vcf
data/calls/scaffold_MM/chr12	36620877	39608763-calls.vcf
data/calls/scaffold_MM/chr05	1794153	2326329-calls.vcf
data/calls/scaffold_MM/chr01	51056297	51872195-calls.vcf
data/calls/scaffold_MM/chr11	12273992	12340178-calls.vcf
data/calls/scaffold_MM/chr06	6674227	7187189-calls.vcf
data/calls/scaffold_MM/chr03	6636586	6920828-calls.vcf
data/calls/scaffold_MM/chr08	41925391	41929706-calls.vcf
data/calls/scaffold_MM/chr05	4901846	5103386-calls.vcf
data/calls/scaffold_MM/chr09	9341455	9499713-calls.vcf
data/calls/scaffold_MM/chr03	9337591	9658275-calls.vcf
data/calls/scaffold_MM/chr07	39366425	39489303-calls.vcf
data/calls/scaffold_MM/chr01	42628099	42790567-calls.vcf
data/calls/scaffold_MM/chr07	39823881	39845855-calls.vcf
data/calls/scaffold_MM/chr10	41601555	41905081-calls.vcf
data/calls/scaffold_MM/chr11	17763409	20175619-calls.vcf
data/calls/scaffold_MM/chr08	2865943	2947929-calls.vcf
data/calls/scaffold_MM/chr09	12719743	12979735-calls.vcf
data/calls/scaffold_MM/chr10	40749736	41551555-calls.vcf
data/calls/scaffold_MM/chr12	34473800	34491120-calls.vcf
data/calls/scaffold_MM/chr02	12731448	13471566-calls.vcf
data/calls/scaffold_MM/chr06	2258517	2315829-calls.vcf
data/calls/scaffold_MM/chr10	46372053	46522188-calls.vcf
data/calls/scaffold_MM/chr12	56014237	58673693-calls.vcf
data/calls/scaffold_MM/chr08	39765185	39788737-calls.vcf
data/calls/scaffold_MM/chr12	21666445	23457499-calls.vcf
data/calls/scaffold_MM/chr01	6521757	7074691-calls.vcf
data/calls/scaffold_MM/chr09	20607520	21317700-calls.vcf
data/calls/scaffold_MM/chr10	11973297	12249378-calls.vcf
data/calls/scaffold_MM/chr07	12035231	12232642-calls.vcf
data/calls/scaffold_MM/chr06	43823433	43957768-calls.vcf
data/calls/scaffold_MM/chr04	57127455	57183356-calls.vcf
data/calls/scaffold_MM/chr06	55720756	56018128-calls.vcf
data/calls/scaffold_MM/chr11	13088513	14705054-calls.vcf
data/calls/scaffold_MM/chr11	11929583	12023018-calls.vcf
data/calls/scaffold_MM/chr09	51855628	52672856-calls.vcf
data/calls/scaffold_MM/chr02	19489210	19653257-calls.vcf
data/calls/scaffold_MM/chr04	56783212	56853781-calls.vcf
data/calls/scaffold_MM/chr07	43932685	44077272-calls.vcf
data/calls/scaffold_MM/chr05	15118211	15870256-calls.vcf
data/calls/scaffold_MM/chr08	6599245	6662318-calls.vcf
data/calls/scaffold_MM/chr01	61047580	61713996-calls.vcf
data/calls/scaffold_MM/chr08	14260146	15294740-calls.vcf
data/calls/scaffold_MM/chr12	9273807	11494697-calls.vcf
data/calls/scaffold_MM/chr07	54732941	56760843-calls.vcf
data/calls/scaffold_MM/chr03	34329717	34512581-calls.vcf
data/calls/scaffold_MM/chr08	7337871	8874550-calls.vcf
data/calls/scaffold_MM/chr07	39539303	39614446-calls.vcf
data/calls/scaffold_MM/chr07	49623355	51386300-calls.vcf
data/calls/scaffold_MM/chr01	24224540	25409915-calls.vcf
data/calls/scaffold_MM/chr10	46855316	46920611-calls.vcf
data/calls/scaffold_MM/chr01	7240036	7547875-calls.vcf
data/calls/scaffold_MM/chr05	41703609	42745301-calls.vcf
data/calls/scaffold_MM/chr06	42179913	42208075-calls.vcf
data/calls/scaffold_MM/chr12	34915391	36570877-calls.vcf
data/calls/scaffold_MM/chr03	37999126	38903711-calls.vcf
data/calls/scaffold_MM/chr08	4300510	4558767-calls.vcf
data/calls/scaffold_MM/chr04	14806933	14820869-calls.vcf
data/calls/scaffold_MM/chr05	16516710	17015924-calls.vcf
data/calls/scaffold_MM/chr03	17314952	19731723-calls.vcf
data/calls/scaffold_MM/chr11	27583514	27960514-calls.vcf
data/calls/scaffold_MM/chr01	83112664	83316037-calls.vcf
data/calls/scaffold_MM/chr01	88255125	88663952-calls.vcf
data/calls/scaffold_MM/chr09	44754711	45854671-calls.vcf
data/calls/scaffold_MM/chr01	12663743	13021212-calls.vcf
data/calls/scaffold_MM/chr09	41330797	42674456-calls.vcf
data/calls/scaffold_MM/chr10	47977505	48304721-calls.vcf
data/calls/scaffold_MM/chr12	44996993	47043663-calls.vcf
data/calls/scaffold_MM/chr02	15997437	16470050-calls.vcf
data/calls/scaffold_MM/chr04	65510621	65872961-calls.vcf
data/calls/scaffold_MM/chr08	37670232	37905538-calls.vcf
data/calls/scaffold_MM/chr09	39060046	41280797-calls.vcf
data/calls/scaffold_MM/chr04	1415173	1444609-calls.vcf
data/calls/scaffold_MM/chr12	60633522	60936150-calls.vcf
data/calls/scaffold_MM/chr06	38873285	40443916-calls.vcf
data/calls/scaffold_MM/chr10	19182205	19817191-calls.vcf
data/calls/scaffold_MM/chr01	707126	728944-calls.vcf
data/calls/scaffold_MM/chr11	28447826	28541725-calls.vcf
data/calls/scaffold_MM/chr06	57791620	57992914-calls.vcf
data/calls/scaffold_MM/chr12	7827423	7915356-calls.vcf
data/calls/scaffold_MM/chr04	61844886	63178809-calls.vcf
data/calls/scaffold_MM/chr01	4445623	4753854-calls.vcf
data/calls/scaffold_MM/chr09	53547702	54244746-calls.vcf
data/calls/scaffold_MM/chr04	20916561	20941176-calls.vcf
data/calls/scaffold_MM/chr06	31003425	31226814-calls.vcf
data/calls/scaffold_MM/chr01	22431900	24174540-calls.vcf
data/calls/scaffold_MM/chr10	18289519	19132205-calls.vcf
data/calls/scaffold_MM/chr02	32974529	33398994-calls.vcf
data/calls/scaffold_MM/chr01	19250962	20308265-calls.vcf
data/calls/scaffold_MM/chr07	20414631	20725631-calls.vcf
data/calls/scaffold_MM/chr07	39664446	39702324-calls.vcf
data/calls/scaffold_MM/chr06	7825521	10261010-calls.vcf
data/calls/scaffold_MM/chr06	1725056	2108251-calls.vcf
data/calls/scaffold_MM/chr04	50415012	50477796-calls.vcf
data/calls/scaffold_MM/chr12	52940016	53333687-calls.vcf
data/calls/scaffold_MM/chr07	24289057	25040447-calls.vcf
data/calls/scaffold_MM/chr10	5591853	5820000-calls.vcf
data/calls/scaffold_MM/chr05	40697423	41223094-calls.vcf
data/calls/scaffold_MM/chr06	42478609	42551567-calls.vcf
data/calls/scaffold_MM/chr07	29033072	29502836-calls.vcf
data/calls/scaffold_MM/chr08	47719653	47941531-calls.vcf
data/calls/scaffold_MM/chr01	12518522	12613743-calls.vcf
data/calls/scaffold_MM/chr03	8737837	9287591-calls.vcf
data/calls/scaffold_MM/chr01	55088326	55819038-calls.vcf
data/calls/scaffold_MM/chr10	22168898	22220921-calls.vcf
data/calls/scaffold_MM/chr12	19476759	19965400-calls.vcf
data/calls/scaffold_MM/chr09	51535435	51805628-calls.vcf
data/calls/scaffold_MM/chr12	33086204	33447305-calls.vcf
data/calls/scaffold_MM/chr03	41173319	41701485-calls.vcf
data/calls/scaffold_MM/chr07	5654286	6193488-calls.vcf
data/calls/scaffold_MM/chr01	21565623	21784351-calls.vcf
data/calls/scaffold_MM/chr08	53091846	53569301-calls.vcf
data/calls/scaffold_MM/chr10	52532939	52695921-calls.vcf
data/calls/scaffold_MM/chr05	39751384	40647423-calls.vcf
data/calls/scaffold_MM/chr05	9793714	10723565-calls.vcf
data/calls/scaffold_MM/chr03	55726284	56115332-calls.vcf
data/calls/scaffold_MM/chr03	30236331	30921503-calls.vcf
data/calls/scaffold_MM/chr03	41849194	43270953-calls.vcf
data/calls/scaffold_MM/chr04	16081720	16106283-calls.vcf
data/calls/scaffold_MM/chr05	38431185	39701384-calls.vcf
data/calls/scaffold_MM/chr06	18449979	19054563-calls.vcf
data/calls/scaffold_MM/chr08	38449481	38546894-calls.vcf
data/calls/scaffold_MM/chr06	44229116	44852193-calls.vcf
data/calls/scaffold_MM/chr01	5849666	6236423-calls.vcf
data/calls/scaffold_MM/chr07	49521312	49573355-calls.vcf
data/calls/scaffold_MM/chr12	30915491	31569491-calls.vcf
data/calls/scaffold_MM/chr02	32767212	32924529-calls.vcf
data/calls/scaffold_MM/chr08	15694272	16055153-calls.vcf
data/calls/scaffold_MM/chr06	42258075	42331006-calls.vcf
data/calls/scaffold_MM/chr07	42873766	42922685-calls.vcf
data/calls/scaffold_MM/chr03	21025614	22719488-calls.vcf
data/calls/scaffold_MM/chr03	23288674	24304913-calls.vcf
data/calls/scaffold_MM/chr01	70625365	70641857-calls.vcf
data/calls/scaffold_MM/chr01	21834351	21866806-calls.vcf
data/calls/scaffold_MM/chr06	15731759	17607030-calls.vcf
data/calls/scaffold_MM/chr06	55640052	55670756-calls.vcf
data/calls/scaffold_MM/chr10	31324167	34988203-calls.vcf
data/calls/scaffold_MM/chr08	7024804	7287871-calls.vcf
data/calls/scaffold_MM/chr04	5339894	5538303-calls.vcf
data/calls/scaffold_MM/chr05	13611162	15068211-calls.vcf
data/calls/scaffold_MM/chr04	98002	531608-calls.vcf
data/calls/scaffold_MM/chr04	69296872	69447390-calls.vcf
data/calls/scaffold_MM/chr01	6429212	6471757-calls.vcf
data/calls/scaffold_MM/chr01	38941446	40709434-calls.vcf
data/calls/scaffold_MM/chr03	39825361	39888170-calls.vcf
data/calls/scaffold_MM/chr01	10484698	11791492-calls.vcf
data/calls/scaffold_MM/chr03	56266710	56682237-calls.vcf
data/calls/scaffold_MM/chr08	43660134	44028529-calls.vcf
data/calls/scaffold_MM/chr05	23234924	24893417-calls.vcf
data/calls/scaffold_MM/chr11	14957914	15206545-calls.vcf
data/calls/scaffold_MM/chr01	63554737	63890077-calls.vcf
data/calls/scaffold_MM/chr08	0	898389-calls.vcf
data/calls/scaffold_MM/chr10	2051379	2816552-calls.vcf
data/calls/scaffold_MM/chr09	25886389	27148293-calls.vcf
data/calls/scaffold_MM/chr04	14631146	14756933-calls.vcf
data/calls/scaffold_MM/chr09	54294746	54778756-calls.vcf
data/calls/scaffold_MM/chr11	20225619	20472041-calls.vcf
data/calls/scaffold_MM/chr11	38504884	40270040-calls.vcf
data/calls/scaffold_MM/chr01	52131850	52153668-calls.vcf
data/calls/scaffold_MM/chr04	60851363	60891899-calls.vcf
data/calls/scaffold_MM/chr07	2887279	3702448-calls.vcf
data/calls/scaffold_MM/chr07	2452493	2714142-calls.vcf
data/calls/scaffold_MM/chr11	2008650	3438981-calls.vcf
data/calls/scaffold_MM/chr10	38253501	39049692-calls.vcf
data/calls/scaffold_MM/chr04	3705182	4412080-calls.vcf
data/calls/scaffold_MM/chr09	50338199	50508970-calls.vcf
data/calls/scaffold_MM/chr08	1718441	2741149-calls.vcf
data/calls/scaffold_MM/chr11	33201605	33621593-calls.vcf
data/calls/scaffold_MM/chr08	31298142	31552815-calls.vcf
data/calls/scaffold_MM/chr06	33459466	34326771-calls.vcf
data/calls/scaffold_MM/chr09	299202	832144-calls.vcf
data/calls/scaffold_MM/chr05	41273094	41653609-calls.vcf
data/calls/scaffold_MM/chr08	10027217	11078366-calls.vcf
data/calls/scaffold_MM/chr11	23926600	24482302-calls.vcf
data/calls/scaffold_MM/chr12	910580	2552409-calls.vcf
data/calls/scaffold_MM/chr04	33318552	33601033-calls.vcf
data/calls/scaffold_MM/chr10	11362781	11923297-calls.vcf
data/calls/scaffold_MM/chr02	37195426	37722378-calls.vcf
data/calls/scaffold_MM/chr01	43700744	43749083-calls.vcf
data/calls/scaffold_MM/chr05	6917482	8041018-calls.vcf
data/calls/scaffold_MM/chr09	44275188	44704711-calls.vcf
data/calls/scaffold_MM/chr06	5844463	5912945-calls.vcf
data/calls/scaffold_MM/chr10	59373495	59756223-calls.vcf
data/calls/scaffold_MM/chr07	18868018	20364631-calls.vcf
data/calls/scaffold_MM/chr09	8208570	8519406-calls.vcf
data/calls/scaffold_MM/chr05	37621050	38381185-calls.vcf
data/calls/scaffold_MM/chr04	54789282	54847171-calls.vcf
data/calls/scaffold_MM/chr01	6286423	6379212-calls.vcf
data/calls/scaffold_MM/chr01	52727622	53827073-calls.vcf
data/calls/scaffold_MM/chr03	27343634	27372172-calls.vcf
data/calls/scaffold_MM/chr01	5611068	5799666-calls.vcf
data/calls/scaffold_MM/chr01	42041003	42578099-calls.vcf
data/calls/scaffold_MM/chr11	4158564	4877326-calls.vcf
data/calls/scaffold_MM/chr02	23031600	23194635-calls.vcf
data/calls/scaffold_MM/chr01	4159192	4395623-calls.vcf
data/calls/scaffold_MM/chr01	43799083	43822320-calls.vcf
data/calls/scaffold_MM/chr03	39478483	39531615-calls.vcf
data/calls/scaffold_MM/chr03	32907393	33062469-calls.vcf
data/calls/scaffold_MM/chr01	64010348	66165852-calls.vcf
data/calls/scaffold_MM/chr07	15853405	17319487-calls.vcf
data/calls/scaffold_MM/chr04	5802742	5981577-calls.vcf
data/calls/scaffold_MM/chr10	52855782	52966460-calls.vcf
data/calls/scaffold_MM/chr03	5853850	6170643-calls.vcf
data/calls/scaffold_MM/chr10	39412557	39825127-calls.vcf
data/calls/scaffold_MM/chr04	56415711	56733212-calls.vcf
data/calls/scaffold_MM/chr07	36698520	39316425-calls.vcf
data/calls/scaffold_MM/chr09	0	249202-calls.vcf
data/calls/scaffold_MM/chr11	44982848	45475667-calls.vcf
data/calls/scaffold_MM/chr04	14870869	15524383-calls.vcf
data/calls/scaffold_MM/chr04	12062352	12482246-calls.vcf
data/calls/scaffold_MM/chr09	43158224	44225188-calls.vcf
data/calls/scaffold_MM/chr09	14756158	15464411-calls.vcf
data/calls/scaffold_MM/chr01	11841492	12319257-calls.vcf
data/calls/scaffold_MM/chr06	42601567	42912342-calls.vcf
data/calls/scaffold_MM/chr01	67435882	68723528-calls.vcf
data/calls/scaffold_MM/chr01	25459915	26008535-calls.vcf
data/calls/scaffold_MM/chr01	86727980	86786044-calls.vcf
data/calls/scaffold_MM/chr11	33671593	34986426-calls.vcf
data/calls/scaffold_MM/chr12	23507499	24708950-calls.vcf
data/calls/scaffold_MM/chr07	3752448	4653590-calls.vcf
data/calls/scaffold_MM/chr03	44745867	46023367-calls.vcf
data/calls/scaffold_MM/chr10	8547929	8584491-calls.vcf
data/calls/scaffold_MM/chr08	3070797	3343131-calls.vcf
data/calls/scaffold_MM/chr02	10449844	10749399-calls.vcf
data/calls/scaffold_MM/chr12	4817012	5024194-calls.vcf
data/calls/scaffold_MM/chr09	55448963	55577938-calls.vcf
data/calls/scaffold_MM/chr10	15574717	15610183-calls.vcf
data/calls/scaffold_MM/chr04	39544002	40241897-calls.vcf
data/calls/scaffold_MM/chr02	23244635	24003661-calls.vcf
data/calls/scaffold_MM/chr02	16577773	16597748-calls.vcf
data/calls/scaffold_MM/chr04	15574383	15594615-calls.vcf
data/calls/scaffold_MM/chr06	15611879	15681759-calls.vcf
data/calls/scaffold_MM/chr10	12299378	13485075-calls.vcf
data/calls/scaffold_MM/chr10	18204580	18239519-calls.vcf
data/calls/scaffold_MM/chr09	1137669	4212916-calls.vcf
data/calls/scaffold_MM/chr06	45078761	45359492-calls.vcf
data/calls/scaffold_MM/chr03	13929450	14020980-calls.vcf
data/calls/scaffold_MM/chr03	48666981	49074803-calls.vcf
data/calls/scaffold_MM/chr07	48042746	48247765-calls.vcf
data/calls/scaffold_MM/chr09	17521152	20557520-calls.vcf
data/calls/scaffold_MM/chr07	2764142	2837279-calls.vcf
data/calls/scaffold_MM/chr04	58736805	59253671-calls.vcf
data/calls/scaffold_MM/chr06	2158251	2208517-calls.vcf
data/calls/scaffold_MM/chr03	34259419	34279717-calls.vcf
data/calls/scaffold_MM/chr12	26026534	26088014-calls.vcf
data/calls/scaffold_MM/chr07	9272537	11486174-calls.vcf
data/calls/scaffold_MM/chr03	36141664	36261664-calls.vcf
data/calls/scaffold_MM/chr04	21659662	21854587-calls.vcf
data/calls/scaffold_MM/chr06	6216639	6322026-calls.vcf
data/calls/scaffold_MM/chr01	4898359	4982077-calls.vcf
data/calls/scaffold_MM/chr01	21916806	22381900-calls.vcf
data/calls/scaffold_MM/chr01	66532538	67385882-calls.vcf
data/calls/scaffold_MM/chr09	59091526	59778890-calls.vcf
data/calls/scaffold_MM/chr06	7548082	7775521-calls.vcf
data/calls/scaffold_MM/chr10	29996495	30788198-calls.vcf
data/calls/scaffold_MM/chr12	21153899	21616445-calls.vcf
data/calls/scaffold_MM/chr12	8684460	8890433-calls.vcf
data/calls/scaffold_MM/chr01	47884453	47886805-calls.vcf
data/calls/scaffold_MM/chr02	31014936	31938959-calls.vcf
data/calls/scaffold_MM/chr02	25793740	26808741-calls.vcf
data/calls/scaffold_MM/chr11	36180549	36743405-calls.vcf
data/calls/scaffold_MM/chr09	7718541	7907849-calls.vcf
data/calls/scaffold_MM/chr04	11926771	11940308-calls.vcf
data/calls/scaffold_MM/chr01	48748886	49429688-calls.vcf
data/calls/scaffold_MM/chr09	25037836	25292003-calls.vcf
data/calls/scaffold_MM/chr07	6927449	6996274-calls.vcf
data/calls/scaffold_MM/chr04	52674106	53930645-calls.vcf
data/calls/scaffold_MM/chr07	47018443	47181877-calls.vcf
data/calls/scaffold_MM/chr08	41047945	41133660-calls.vcf
data/calls/scaffold_MM/chr01	87728549	87770348-calls.vcf
data/calls/scaffold_MM/chr08	51789867	52950942-calls.vcf
data/calls/scaffold_MM/chr01	40759434	41654161-calls.vcf
data/calls/scaffold_MM/chr10	27120441	29946495-calls.vcf
data/calls/scaffold_MM/chr04	63642025	63704324-calls.vcf
data/calls/scaffold_MM/chr07	47231877	47992746-calls.vcf
data/calls/scaffold_MM/chr02	10799399	11100136-calls.vcf
data/calls/scaffold_MM/chr11	29189870	30032065-calls.vcf
data/calls/scaffold_MM/chr04	51806120	51852964-calls.vcf
data/calls/scaffold_MM/chr03	40662949	41123319-calls.vcf
data/calls/scaffold_MM/chr04	56903781	57077455-calls.vcf
data/calls/scaffold_MM/chr09	27198293	27224098-calls.vcf
data/calls/scaffold_MM/chr08	9470678	9738981-calls.vcf
data/calls/scaffold_MM/chr04	54897171	54991051-calls.vcf
data/calls/scaffold_MM/chr08	30047569	31002114-calls.vcf
data/calls/scaffold_MM/chr10	48354721	48922287-calls.vcf
data/calls/scaffold_MM/chr02	41251516	42260662-calls.vcf
data/calls/scaffold_MM/chr03	43320953	43960953-calls.vcf
data/calls/scaffold_MM/chr07	11536174	11826959-calls.vcf
data/calls/scaffold_MM/chr11	6201697	7745480-calls.vcf
data/calls/scaffold_MM/chr01	76856154	78601189-calls.vcf
data/calls/scaffold_MM/chr02	13521566	13707767-calls.vcf
data/calls/scaffold_MM/chr10	15660183	18154580-calls.vcf
data/calls/scaffold_MM/chr05	17065924	18539476-calls.vcf
data/calls/scaffold_MM/chr08	3393131	4078016-calls.vcf
data/calls/scaffold_MM/chr09	9113533	9291455-calls.vcf
data/calls/scaffold_MM/chr02	15466659	15947437-calls.vcf
data/calls/scaffold_MM/chr07	26359187	28167153-calls.vcf
data/calls/scaffold_MM/chr01	42840567	43010397-calls.vcf
data/calls/scaffold_MM/chr07	13070389	15803405-calls.vcf
data/calls/scaffold_MM/chr04	26922647	27009570-calls.vcf
data/calls/scaffold_MM/chr05	2669261	4346845-calls.vcf
data/calls/scaffold_MM/chr02	33629727	35452871-calls.vcf
data/calls/scaffold_MM/chr07	48297765	49275621-calls.vcf
data/calls/scaffold_MM/chr07	32239633	32838731-calls.vcf
data/calls/scaffold_MM/chr01	49479688	49667273-calls.vcf
data/calls/scaffold_MM/chr02	30202566	30964936-calls.vcf
data/calls/scaffold_MM/chr02	27670853	27709005-calls.vcf
